Building DAG of jobs...
Using shell: /bin/bash
Provided cores: 2
Rules claiming more threads will be scaled down.
Job stats:
job                           count    min threads    max threads
--------------------------  -------  -------------  -------------
all                               1              1              1
blast                             4              2              2
makedb                            1              1              1
reciprocal_best_blast_hits        2              1              1
total                             8              1              2

Select jobs to execute...

[Mon Jul 10 17:31:45 2023]
rule blast:
    input: processed_data/prot/Braflo.fa, processed_data/prot/Pecmax.dmnd
    output: blastp/Braflo+Pecmax.blp
    jobid: 9
    reason: Missing output files: blastp/Braflo+Pecmax.blp
    wildcards: spec1=Braflo, spec2=Pecmax
    threads: 2
    resources: tmpdir=/var/folders/p6/srwyjmkd58z7wrlc0w8mnjbc0000gn/T

[Mon Jul 10 17:36:28 2023]
Finished job 9.
1 of 8 steps (12%) done
Select jobs to execute...

[Mon Jul 10 17:36:28 2023]
rule blast:
    input: processed_data/prot/Braflo.fa, processed_data/prot/Holleu.dmnd
    output: blastp/Braflo+Holleu.blp
    jobid: 12
    reason: Missing output files: blastp/Braflo+Holleu.blp
    wildcards: spec1=Braflo, spec2=Holleu
    threads: 2
    resources: tmpdir=/var/folders/p6/srwyjmkd58z7wrlc0w8mnjbc0000gn/T

[Mon Jul 10 17:41:22 2023]
Finished job 12.
2 of 8 steps (25%) done
Select jobs to execute...

[Mon Jul 10 17:41:22 2023]
rule makedb:
    input: processed_data/prot/Braflo.fa
    output: processed_data/prot/Braflo.dmnd
    jobid: 8
    reason: Missing output files: processed_data/prot/Braflo.dmnd
    wildcards: spec2=Braflo
    resources: tmpdir=/var/folders/p6/srwyjmkd58z7wrlc0w8mnjbc0000gn/T

[Mon Jul 10 17:41:24 2023]
Finished job 8.
3 of 8 steps (38%) done
Select jobs to execute...

[Mon Jul 10 17:41:24 2023]
rule blast:
    input: processed_data/prot/Pecmax.fa, processed_data/prot/Braflo.dmnd
    output: blastp/Pecmax+Braflo.blp
    jobid: 7
    reason: Missing output files: blastp/Pecmax+Braflo.blp; Input files updated by another job: processed_data/prot/Braflo.dmnd
    wildcards: spec1=Pecmax, spec2=Braflo
    threads: 2
    resources: tmpdir=/var/folders/p6/srwyjmkd58z7wrlc0w8mnjbc0000gn/T

[Mon Jul 10 17:46:02 2023]
Finished job 7.
4 of 8 steps (50%) done
Select jobs to execute...

[Mon Jul 10 17:46:02 2023]
rule blast:
    input: processed_data/prot/Holleu.fa, processed_data/prot/Braflo.dmnd
    output: blastp/Holleu+Braflo.blp
    jobid: 11
    reason: Missing output files: blastp/Holleu+Braflo.blp; Input files updated by another job: processed_data/prot/Braflo.dmnd
    wildcards: spec1=Holleu, spec2=Braflo
    threads: 2
    resources: tmpdir=/var/folders/p6/srwyjmkd58z7wrlc0w8mnjbc0000gn/T

[Mon Jul 10 17:51:16 2023]
Finished job 11.
5 of 8 steps (62%) done
Select jobs to execute...

[Mon Jul 10 17:51:16 2023]
rule reciprocal_best_blast_hits:
    input: blastp/Holleu+Braflo.blp, blastp/Braflo+Holleu.blp
    output: orthologs/Holleu+Braflo_sensitive.txt
    jobid: 10
    reason: Missing output files: orthologs/Holleu+Braflo_sensitive.txt; Input files updated by another job: blastp/Braflo+Holleu.blp, blastp/Holleu+Braflo.blp
    wildcards: spec1=Holleu, spec2=Braflo
    resources: tmpdir=/var/folders/p6/srwyjmkd58z7wrlc0w8mnjbc0000gn/T


[Mon Jul 10 17:51:16 2023]
rule reciprocal_best_blast_hits:
    input: blastp/Pecmax+Braflo.blp, blastp/Braflo+Pecmax.blp
    output: orthologs/Pecmax+Braflo_sensitive.txt
    jobid: 6
    reason: Missing output files: orthologs/Pecmax+Braflo_sensitive.txt; Input files updated by another job: blastp/Pecmax+Braflo.blp, blastp/Braflo+Pecmax.blp
    wildcards: spec1=Pecmax, spec2=Braflo
    resources: tmpdir=/var/folders/p6/srwyjmkd58z7wrlc0w8mnjbc0000gn/T

[Mon Jul 10 17:51:16 2023]
Finished job 10.
6 of 8 steps (75%) done
[Mon Jul 10 17:51:16 2023]
Finished job 6.
7 of 8 steps (88%) done
Select jobs to execute...

[Mon Jul 10 17:51:16 2023]
localrule all:
    input: orthologs/Pecmax+Holleu_sensitive.txt, orthologs/Pecmax+Braflo_sensitive.txt, orthologs/Holleu+Braflo_sensitive.txt
    jobid: 0
    reason: Input files updated by another job: orthologs/Pecmax+Braflo_sensitive.txt, orthologs/Holleu+Braflo_sensitive.txt
    resources: tmpdir=/var/folders/p6/srwyjmkd58z7wrlc0w8mnjbc0000gn/T

[Mon Jul 10 17:51:16 2023]
Finished job 0.
8 of 8 steps (100%) done
Complete log: .snakemake/log/2023-07-10T173143.645631.snakemake.log
