Building DAG of jobs...
Using shell: /bin/bash
Provided cores: 2
Rules claiming more threads will be scaled down.
Job stats:
job                           count    min threads    max threads
--------------------------  -------  -------------  -------------
all                               1              1              1
blast                             6              2              2
makedb                            3              1              1
reciprocal_best_blast_hits        3              1              1
total                            13              1              2

Select jobs to execute...

[Sat Jul  8 14:19:58 2023]
rule makedb:
    input: processed_data/prot/Astrub.fa
    output: processed_data/prot/Astrub.dmnd
    jobid: 5
    reason: Missing output files: processed_data/prot/Astrub.dmnd
    wildcards: spec2=Astrub
    resources: tmpdir=/var/folders/p6/srwyjmkd58z7wrlc0w8mnjbc0000gn/T


[Sat Jul  8 14:19:58 2023]
rule makedb:
    input: processed_data/prot/Holleu.fa
    output: processed_data/prot/Holleu.dmnd
    jobid: 8
    reason: Missing output files: processed_data/prot/Holleu.dmnd
    wildcards: spec2=Holleu
    resources: tmpdir=/var/folders/p6/srwyjmkd58z7wrlc0w8mnjbc0000gn/T

[Sat Jul  8 14:19:58 2023]
Error in rule makedb:
    jobid: 5
    input: processed_data/prot/Astrub.fa
    output: processed_data/prot/Astrub.dmnd
    shell:
        diamond makedb --in processed_data/prot/Astrub.fa -d processed_data/prot/Astrub
        (one of the commands exited with non-zero exit code; note that snakemake uses bash strict mode!)

[Sat Jul  8 14:19:58 2023]
Error in rule makedb:
    jobid: 8
    input: processed_data/prot/Holleu.fa
    output: processed_data/prot/Holleu.dmnd
    shell:
        diamond makedb --in processed_data/prot/Holleu.fa -d processed_data/prot/Holleu
        (one of the commands exited with non-zero exit code; note that snakemake uses bash strict mode!)

Shutting down, this might take some time.
Exiting because a job execution failed. Look above for error message
Complete log: .snakemake/log/2023-07-08T141958.043289.snakemake.log
