Building DAG of jobs...
Using shell: /bin/bash
Provided cores: 2
Rules claiming more threads will be scaled down.
Job stats:
job                           count    min threads    max threads
--------------------------  -------  -------------  -------------
all                               1              1              1
blast                             6              2              2
makedb                            1              1              1
reciprocal_best_blast_hits        3              1              1
total                            11              1              2

Select jobs to execute...

[Wed Jul 19 14:40:24 2023]
rule blast:
    input: processed_data/prot/Ephmue.fa, processed_data/prot/Pecmax.dmnd
    output: blastp/Ephmue+Pecmax.blp
    jobid: 13
    reason: Missing output files: blastp/Ephmue+Pecmax.blp
    wildcards: spec1=Ephmue, spec2=Pecmax
    threads: 2
    resources: tmpdir=/var/folders/p6/srwyjmkd58z7wrlc0w8mnjbc0000gn/T

[Wed Jul 19 14:46:27 2023]
Finished job 13.
1 of 11 steps (9%) done
Select jobs to execute...

[Wed Jul 19 14:46:27 2023]
rule blast:
    input: processed_data/prot/Ephmue.fa, processed_data/prot/Holleu.dmnd
    output: blastp/Ephmue+Holleu.blp
    jobid: 19
    reason: Missing output files: blastp/Ephmue+Holleu.blp
    wildcards: spec1=Ephmue, spec2=Holleu
    threads: 2
    resources: tmpdir=/var/folders/p6/srwyjmkd58z7wrlc0w8mnjbc0000gn/T

[Wed Jul 19 14:53:01 2023]
Finished job 19.
2 of 11 steps (18%) done
Select jobs to execute...

[Wed Jul 19 14:53:01 2023]
rule blast:
    input: processed_data/prot/Ephmue.fa, processed_data/prot/Braflo.dmnd
    output: blastp/Ephmue+Braflo.blp
    jobid: 22
    reason: Missing output files: blastp/Ephmue+Braflo.blp
    wildcards: spec1=Ephmue, spec2=Braflo
    threads: 2
    resources: tmpdir=/var/folders/p6/srwyjmkd58z7wrlc0w8mnjbc0000gn/T

[Wed Jul 19 14:58:59 2023]
Finished job 22.
3 of 11 steps (27%) done
Select jobs to execute...

[Wed Jul 19 14:58:59 2023]
rule makedb:
    input: processed_data/prot/Ephmue.fa
    output: processed_data/prot/Ephmue.dmnd
    jobid: 12
    reason: Missing output files: processed_data/prot/Ephmue.dmnd
    wildcards: spec2=Ephmue
    resources: tmpdir=/var/folders/p6/srwyjmkd58z7wrlc0w8mnjbc0000gn/T

[Wed Jul 19 14:59:02 2023]
Finished job 12.
4 of 11 steps (36%) done
Select jobs to execute...

[Wed Jul 19 14:59:02 2023]
rule blast:
    input: processed_data/prot/Braflo.fa, processed_data/prot/Ephmue.dmnd
    output: blastp/Braflo+Ephmue.blp
    jobid: 21
    reason: Missing output files: blastp/Braflo+Ephmue.blp; Input files updated by another job: processed_data/prot/Ephmue.dmnd
    wildcards: spec1=Braflo, spec2=Ephmue
    threads: 2
    resources: tmpdir=/var/folders/p6/srwyjmkd58z7wrlc0w8mnjbc0000gn/T

[Wed Jul 19 15:03:54 2023]
Finished job 21.
5 of 11 steps (45%) done
Select jobs to execute...

[Wed Jul 19 15:03:54 2023]
rule blast:
    input: processed_data/prot/Holleu.fa, processed_data/prot/Ephmue.dmnd
    output: blastp/Holleu+Ephmue.blp
    jobid: 18
    reason: Missing output files: blastp/Holleu+Ephmue.blp; Input files updated by another job: processed_data/prot/Ephmue.dmnd
    wildcards: spec1=Holleu, spec2=Ephmue
    threads: 2
    resources: tmpdir=/var/folders/p6/srwyjmkd58z7wrlc0w8mnjbc0000gn/T

[Wed Jul 19 15:09:41 2023]
Finished job 18.
6 of 11 steps (55%) done
Select jobs to execute...

[Wed Jul 19 15:09:41 2023]
rule reciprocal_best_blast_hits:
    input: blastp/Braflo+Ephmue.blp, blastp/Ephmue+Braflo.blp
    output: orthologs/Braflo+Ephmue_sensitive.txt
    jobid: 20
    reason: Missing output files: orthologs/Braflo+Ephmue_sensitive.txt; Input files updated by another job: blastp/Ephmue+Braflo.blp, blastp/Braflo+Ephmue.blp
    wildcards: spec1=Braflo, spec2=Ephmue
    resources: tmpdir=/var/folders/p6/srwyjmkd58z7wrlc0w8mnjbc0000gn/T


[Wed Jul 19 15:09:41 2023]
rule reciprocal_best_blast_hits:
    input: blastp/Holleu+Ephmue.blp, blastp/Ephmue+Holleu.blp
    output: orthologs/Holleu+Ephmue_sensitive.txt
    jobid: 17
    reason: Missing output files: orthologs/Holleu+Ephmue_sensitive.txt; Input files updated by another job: blastp/Holleu+Ephmue.blp, blastp/Ephmue+Holleu.blp
    wildcards: spec1=Holleu, spec2=Ephmue
    resources: tmpdir=/var/folders/p6/srwyjmkd58z7wrlc0w8mnjbc0000gn/T

[Wed Jul 19 15:09:42 2023]
Finished job 20.
7 of 11 steps (64%) done
Select jobs to execute...
[Wed Jul 19 15:09:42 2023]
Finished job 17.
8 of 11 steps (73%) done

[Wed Jul 19 15:09:42 2023]
rule blast:
    input: processed_data/prot/Pecmax.fa, processed_data/prot/Ephmue.dmnd
    output: blastp/Pecmax+Ephmue.blp
    jobid: 11
    reason: Missing output files: blastp/Pecmax+Ephmue.blp; Input files updated by another job: processed_data/prot/Ephmue.dmnd
    wildcards: spec1=Pecmax, spec2=Ephmue
    threads: 2
    resources: tmpdir=/var/folders/p6/srwyjmkd58z7wrlc0w8mnjbc0000gn/T

[Wed Jul 19 15:14:47 2023]
Finished job 11.
9 of 11 steps (82%) done
Select jobs to execute...

[Wed Jul 19 15:14:47 2023]
rule reciprocal_best_blast_hits:
    input: blastp/Pecmax+Ephmue.blp, blastp/Ephmue+Pecmax.blp
    output: orthologs/Pecmax+Ephmue_sensitive.txt
    jobid: 10
    reason: Missing output files: orthologs/Pecmax+Ephmue_sensitive.txt; Input files updated by another job: blastp/Ephmue+Pecmax.blp, blastp/Pecmax+Ephmue.blp
    wildcards: spec1=Pecmax, spec2=Ephmue
    resources: tmpdir=/var/folders/p6/srwyjmkd58z7wrlc0w8mnjbc0000gn/T

[Wed Jul 19 15:14:48 2023]
Finished job 10.
10 of 11 steps (91%) done
Select jobs to execute...

[Wed Jul 19 15:14:48 2023]
localrule all:
    input: orthologs/Pecmax+Holleu_sensitive.txt, orthologs/Pecmax+Braflo_sensitive.txt, orthologs/Pecmax+Ephmue_sensitive.txt, orthologs/Holleu+Braflo_sensitive.txt, orthologs/Holleu+Ephmue_sensitive.txt, orthologs/Braflo+Ephmue_sensitive.txt
    jobid: 0
    reason: Input files updated by another job: orthologs/Holleu+Ephmue_sensitive.txt, orthologs/Pecmax+Ephmue_sensitive.txt, orthologs/Braflo+Ephmue_sensitive.txt
    resources: tmpdir=/var/folders/p6/srwyjmkd58z7wrlc0w8mnjbc0000gn/T

[Wed Jul 19 15:14:48 2023]
Finished job 0.
11 of 11 steps (100%) done
Complete log: .snakemake/log/2023-07-19T144022.635395.snakemake.log
