Building DAG of jobs...
Using shell: /bin/bash
Provided cores: 2
Rules claiming more threads will be scaled down.
Job stats:
job                           count    min threads    max threads
--------------------------  -------  -------------  -------------
all                               1              1              1
blast                             2              2              2
makedb                            1              1              1
reciprocal_best_blast_hits        1              1              1
total                             5              1              2

Select jobs to execute...

[Mon Jul 10 14:15:04 2023]
rule blast:
    input: processed_data/prot/Pecmax.fa, processed_data/prot/Holleu.dmnd
    output: blastp/Pecmax+Holleu.blp
    jobid: 2
    reason: Missing output files: blastp/Pecmax+Holleu.blp
    wildcards: spec1=Pecmax, spec2=Holleu
    threads: 2
    resources: tmpdir=/var/folders/p6/srwyjmkd58z7wrlc0w8mnjbc0000gn/T

[Mon Jul 10 14:20:01 2023]
Finished job 2.
1 of 5 steps (20%) done
Select jobs to execute...

[Mon Jul 10 14:20:01 2023]
rule makedb:
    input: processed_data/prot/Pecmax.fa
    output: processed_data/prot/Pecmax.dmnd
    jobid: 5
    reason: Missing output files: processed_data/prot/Pecmax.dmnd
    wildcards: spec2=Pecmax
    resources: tmpdir=/var/folders/p6/srwyjmkd58z7wrlc0w8mnjbc0000gn/T

[Mon Jul 10 14:20:06 2023]
Finished job 5.
2 of 5 steps (40%) done
Select jobs to execute...

[Mon Jul 10 14:20:06 2023]
rule blast:
    input: processed_data/prot/Holleu.fa, processed_data/prot/Pecmax.dmnd
    output: blastp/Holleu+Pecmax.blp
    jobid: 4
    reason: Missing output files: blastp/Holleu+Pecmax.blp; Input files updated by another job: processed_data/prot/Pecmax.dmnd
    wildcards: spec1=Holleu, spec2=Pecmax
    threads: 2
    resources: tmpdir=/var/folders/p6/srwyjmkd58z7wrlc0w8mnjbc0000gn/T

[Mon Jul 10 14:25:14 2023]
Finished job 4.
3 of 5 steps (60%) done
Select jobs to execute...

[Mon Jul 10 14:25:14 2023]
rule reciprocal_best_blast_hits:
    input: blastp/Pecmax+Holleu.blp, blastp/Holleu+Pecmax.blp
    output: orthologs/Pecmax+Holleu_sensitive.txt
    jobid: 1
    reason: Missing output files: orthologs/Pecmax+Holleu_sensitive.txt; Input files updated by another job: blastp/Holleu+Pecmax.blp, blastp/Pecmax+Holleu.blp
    wildcards: spec1=Pecmax, spec2=Holleu
    resources: tmpdir=/var/folders/p6/srwyjmkd58z7wrlc0w8mnjbc0000gn/T

[Mon Jul 10 14:25:15 2023]
Finished job 1.
4 of 5 steps (80%) done
Select jobs to execute...

[Mon Jul 10 14:25:15 2023]
localrule all:
    input: orthologs/Pecmax+Holleu_sensitive.txt
    jobid: 0
    reason: Input files updated by another job: orthologs/Pecmax+Holleu_sensitive.txt
    resources: tmpdir=/var/folders/p6/srwyjmkd58z7wrlc0w8mnjbc0000gn/T

[Mon Jul 10 14:25:15 2023]
Finished job 0.
5 of 5 steps (100%) done
Complete log: .snakemake/log/2023-07-10T141502.151184.snakemake.log
